Log file open, 01/28/22 10:40:04
LogWindows: Failed to load 'aqProf.dll' (GetLastError=126)
LogWindows: File 'aqProf.dll' does not exist
LogWindows: Failed to load 'VtuneApi.dll' (GetLastError=126)
LogWindows: File 'VtuneApi.dll' does not exist
LogWindows: Failed to load 'VtuneApi32e.dll' (GetLastError=126)
LogWindows: File 'VtuneApi32e.dll' does not exist
LogConsoleResponse: Display: Failed to find resolution value strings in scalability ini. Falling back to default.
LogConsoleResponse: Display: Failed to find resolution value strings in scalability ini. Falling back to default.
LogInit: Display: Running engine for game: MyProject
LogPlatformFile: Not using cached read wrapper
LogTaskGraph: Started task graph with 5 named threads and 20 total threads with 3 sets of task threads.
LogStats: Stats thread started at 0.212288
LogICUInternationalization: ICU TimeZone Detection - Raw Offset: +0:00, Platform Override: ''
LogInit: Display: Loading text-based GConfig....
LogPluginManager: Mounting plugin MeshPainting
LogPluginManager: Mounting plugin XGEController
LogPluginManager: Mounting plugin Paper2D
LogPluginManager: Mounting plugin EnvironmentQueryEditor
LogPluginManager: Mounting plugin AISupport
LogPluginManager: Mounting plugin LiveLink
LogPluginManager: Mounting plugin LightPropagationVolume
LogPluginManager: Mounting plugin GameplayCameras
LogPluginManager: Mounting plugin CameraShakePreviewer
LogPluginManager: Mounting plugin OodleData
LogPluginManager: Mounting plugin OodleNetwork
LogPluginManager: Mounting plugin AnimationSharing
LogPluginManager: Mounting plugin CLionSourceCodeAccess
LogPluginManager: Mounting plugin CodeLiteSourceCodeAccess
LogPluginManager: Mounting plugin GitSourceControl
LogPluginManager: Mounting plugin KDevelopSourceCodeAccess
LogPluginManager: Mounting plugin NullSourceCodeAccess
LogPluginManager: Mounting plugin PerforceSourceControl
LogPluginManager: Mounting plugin PixWinPlugin
LogPluginManager: Mounting plugin PlasticSourceControl
LogPluginManager: Mounting plugin PluginUtils
LogPluginManager: Mounting plugin PropertyAccessNode
LogPluginManager: Mounting plugin RiderSourceCodeAccess
LogPluginManager: Mounting plugin SubversionSourceControl
LogPluginManager: Mounting plugin TextureFormatOodle
LogPluginManager: Mounting plugin UObjectPlugin
LogPluginManager: Mounting plugin VisualStudioCodeSourceCodeAccess
LogPluginManager: Mounting plugin XCodeSourceCodeAccess
LogPluginManager: Mounting plugin AssetManagerEditor
LogPluginManager: Mounting plugin CryptoKeys
LogPluginManager: Mounting plugin CurveEditorTools
LogPluginManager: Mounting plugin DataValidation
LogPluginManager: Mounting plugin FacialAnimation
LogPluginManager: Mounting plugin GeometryMode
LogPluginManager: Mounting plugin GameplayTagsEditor
LogPluginManager: Mounting plugin MacGraphicsSwitching
LogPluginManager: Mounting plugin MaterialAnalyzer
LogPluginManager: Mounting plugin MobileLauncherProfileWizard
LogPluginManager: Mounting plugin PluginBrowser
LogPluginManager: Mounting plugin VisualStudioSourceCodeAccess
LogPluginManager: Mounting plugin SpeedTreeImporter
LogPluginManager: Mounting plugin Niagara
LogPluginManager: Mounting plugin AlembicImporter
LogPluginManager: Mounting plugin AutomationUtils
LogPluginManager: Mounting plugin BackChannel
LogPluginManager: Mounting plugin ChaosCloth
LogPluginManager: Mounting plugin ChaosClothEditor
LogPluginManager: Mounting plugin ChaosEditor
LogPluginManager: Mounting plugin ChaosNiagara
LogPluginManager: Mounting plugin ChaosSolverPlugin
LogPluginManager: Mounting plugin CharacterAI
LogPluginManager: Mounting plugin DatasmithContent
LogPluginManager: Mounting plugin VariantManagerContent
LogPluginManager: Mounting plugin LuminPlatformFeatures
LogPluginManager: Mounting plugin MagicLeap
LogPluginManager: Mounting plugin MagicLeapLightEstimation
LogPluginManager: Mounting plugin MagicLeapMedia
LogPluginManager: Mounting plugin GeometryCache
LogPluginManager: Mounting plugin GeometryCollectionPlugin
LogPluginManager: Mounting plugin GeometryProcessing
LogPluginManager: Mounting plugin MagicLeapPassableWorld
LogPluginManager: Mounting plugin MLSDK
LogPluginManager: Mounting plugin AndroidMedia
LogPluginManager: Mounting plugin AvfMedia
LogPluginManager: Mounting plugin ImgMedia
LogPluginManager: Mounting plugin MediaCompositing
LogPluginManager: Mounting plugin MediaPlayerEditor
LogPluginManager: Mounting plugin WebMMedia
LogPluginManager: Mounting plugin WmfMedia
LogPluginManager: Mounting plugin TcpMessaging
LogPluginManager: Mounting plugin UdpMessaging
LogPluginManager: Mounting plugin ActorSequence
LogPluginManager: Mounting plugin LevelSequenceEditor
LogPluginManager: Mounting plugin MatineeToLevelSequence
LogPluginManager: Mounting plugin TemplateSequence
LogPluginManager: Mounting plugin OnlineSubsystem
LogPluginManager: Mounting plugin OnlineSubsystemNull
LogPluginManager: Mounting plugin OnlineSubsystemUtils
LogPluginManager: Mounting plugin LauncherChunkInstaller
LogPluginManager: Mounting plugin ActorLayerUtilities
LogPluginManager: Mounting plugin AndroidDeviceProfileSelector
LogPluginManager: Mounting plugin AndroidMoviePlayer
LogPluginManager: Mounting plugin AndroidPermission
LogPluginManager: Mounting plugin AppleImageUtils
LogPluginManager: Mounting plugin AppleMoviePlayer
LogPluginManager: Mounting plugin ArchVisCharacter
LogPluginManager: Mounting plugin AssetTags
LogPluginManager: Mounting plugin AudioCapture
LogPluginManager: Mounting plugin AudioSynesthesia
LogPluginManager: Mounting plugin CableComponent
LogPluginManager: Mounting plugin ChunkDownloader
LogPluginManager: Mounting plugin EditableMesh
LogPluginManager: Mounting plugin ExampleDeviceProfileSelector
LogPluginManager: Mounting plugin ScreenshotTools
LogPluginManager: Mounting plugin MotoSynth
LogPluginManager: Mounting plugin OpenImageDenoise
LogPluginManager: Mounting plugin PlanarCut
LogPluginManager: Mounting plugin PlatformCrypto
LogPluginManager: Mounting plugin ProxyLODPlugin
LogPluginManager: Mounting plugin PythonScriptPlugin
LogPluginManager: Mounting plugin GoogleCloudMessaging
LogPluginManager: Mounting plugin GooglePAD
LogPluginManager: Mounting plugin IOSDeviceProfileSelector
LogPluginManager: Mounting plugin LinuxDeviceProfileSelector
LogPluginManager: Mounting plugin LocationServicesBPLibrary
LogPluginManager: Mounting plugin MobilePatchingUtils
LogPluginManager: Mounting plugin OpenXR
LogPluginManager: Mounting plugin OpenXREyeTracker
LogPluginManager: Mounting plugin SkeletalReduction
LogPluginManager: Mounting plugin OpenXRHandTracking
LogPluginManager: Mounting plugin PhysXVehicles
LogPluginManager: Mounting plugin PostSplashScreen
LogPluginManager: Mounting plugin ProceduralMeshComponent
LogPluginManager: Mounting plugin PropertyAccessEditor
LogPluginManager: Mounting plugin RuntimePhysXCooking
LogPluginManager: Mounting plugin SignificanceManager
LogPluginManager: Mounting plugin SoundFields
LogPluginManager: Mounting plugin Synthesis
LogPluginManager: Mounting plugin Takes
LogPluginManager: Mounting plugin WebMMoviePlayer
LogPluginManager: Mounting plugin WindowsMoviePlayer
LogPluginManager: Mounting plugin CustomMeshComponent
LogPluginManager: Mounting plugin ContentBrowserAssetDataSource
LogPluginManager: Mounting plugin ContentBrowserClassDataSource
LogPluginManager: Mounting plugin ContentBrowserFileDataSource
LogPluginManager: Mounting plugin OnlineSubsystemGooglePlay
LogPluginManager: Mounting plugin OnlineSubsystemIOS
LogPluginManager: Mounting plugin OculusVR
LogPluginManager: Mounting plugin SteamVR
PixWinPlugin: PIX capture plugin failed to initialize! Check that the process is launched from PIX.
LogInit: Using libcurl 7.55.1-DEV
LogInit:  - built for x86_64-pc-win32
LogInit:  - supports SSL with OpenSSL/1.1.1
LogInit:  - supports HTTP deflate (compression) using libz 1.2.8
LogInit:  - other features:
LogInit:      CURL_VERSION_SSL
LogInit:      CURL_VERSION_LIBZ
LogInit:      CURL_VERSION_IPV6
LogInit:      CURL_VERSION_ASYNCHDNS
LogInit:      CURL_VERSION_LARGEFILE
LogInit:      CURL_VERSION_IDN
LogInit:  CurlRequestOptions (configurable via config and command line):
LogInit:  - bVerifyPeer = true  - Libcurl will verify peer certificate
LogInit:  - bUseHttpProxy = false  - Libcurl will NOT use HTTP proxy
LogInit:  - bDontReuseConnections = false  - Libcurl will reuse connections
LogInit:  - MaxHostConnections = 16  - Libcurl will limit the number of connections to a host
LogInit:  - LocalHostAddr = Default
LogInit:  - BufferSize = 65536
LogOnline: OSS: Creating online subsystem instance for: NULL
LogInit: WinSock: version 1.1 (2.2), MaxSocks=32767, MaxUdp=65467
LogOnline: OSS: TryLoadSubsystemAndSetDefault: Loaded subsystem for module [NULL]
LogOculusPluginWrapper: OculusPlugin initialized successfully
LogHMD: Failed initializing OVRPlugin 1.59.0
LogInit: Build: ++UE4+Release-4.27-CL-18319896
LogInit: Engine Version: 4.27.2-18319896+++UE4+Release-4.27
LogInit: Compatible Engine Version: 4.27.0-17155196+++UE4+Release-4.27
LogInit: Net CL: 17155196
LogInit: OS: Windows 10 (Release 2009) (), CPU: Intel(R) Core(TM) i5-8500 CPU @ 3.00GHz, GPU: Radeon Pro 570X
LogInit: Compiled (64-bit): Nov 30 2021 07:12:08
LogInit: Compiled with Visual C++: 19.24.28315.00
LogInit: Build Configuration: Development
LogInit: Branch Name: ++UE4+Release-4.27
LogInit: Command Line: 
LogInit: Base Directory: C:/Program Files/Epic Games/UE_4.27/Engine/Binaries/Win64/
LogInit: Allocator: TBB
LogInit: Installed Engine Build: 1
LogDevObjectVersion: Number of dev versions registered: 29
LogDevObjectVersion:   Dev-Blueprints (B0D832E4-1F89-4F0D-ACCF-7EB736FD4AA2): 10
LogDevObjectVersion:   Dev-Build (E1C64328-A22C-4D53-A36C-8E866417BD8C): 0
LogDevObjectVersion:   Dev-Core (375EC13C-06E4-48FB-B500-84F0262A717E): 4
LogDevObjectVersion:   Dev-Editor (E4B068ED-F494-42E9-A231-DA0B2E46BB41): 40
LogDevObjectVersion:   Dev-Framework (CFFC743F-43B0-4480-9391-14DF171D2073): 37
LogDevObjectVersion:   Dev-Mobile (B02B49B5-BB20-44E9-A304-32B752E40360): 3
LogDevObjectVersion:   Dev-Networking (A4E4105C-59A1-49B5-A7C5-40C4547EDFEE): 0
LogDevObjectVersion:   Dev-Online (39C831C9-5AE6-47DC-9A44-9C173E1C8E7C): 0
LogDevObjectVersion:   Dev-Physics (78F01B33-EBEA-4F98-B9B4-84EACCB95AA2): 14
LogDevObjectVersion:   Dev-Platform (6631380F-2D4D-43E0-8009-CF276956A95A): 0
LogDevObjectVersion:   Dev-Rendering (12F88B9F-8875-4AFC-A67C-D90C383ABD29): 45
LogDevObjectVersion:   Dev-Sequencer (7B5AE74C-D270-4C10-A958-57980B212A5A): 13
LogDevObjectVersion:   Dev-VR (D7296918-1DD6-4BDD-9DE2-64A83CC13884): 3
LogDevObjectVersion:   Dev-LoadTimes (C2A15278-BFE7-4AFE-6C17-90FF531DF755): 1
LogDevObjectVersion:   Private-Geometry (6EACA3D4-40EC-4CC1-B786-8BED09428FC5): 3
LogDevObjectVersion:   Dev-AnimPhys (29E575DD-E0A3-4627-9D10-D276232CDCEA): 17
LogDevObjectVersion:   Dev-Anim (AF43A65D-7FD3-4947-9873-3E8ED9C1BB05): 15
LogDevObjectVersion:   Dev-ReflectionCapture (6B266CEC-1EC7-4B8F-A30B-E4D90942FC07): 1
LogDevObjectVersion:   Dev-Automation (0DF73D61-A23F-47EA-B727-89E90C41499A): 1
LogDevObjectVersion:   FortniteMain (601D1886-AC64-4F84-AA16-D3DE0DEAC7D6): 47
LogDevObjectVersion:   FortniteRelease (E7086368-6B23-4C58-8439-1B7016265E91): 1
LogDevObjectVersion:   Dev-Enterprise (9DFFBCD6-494F-0158-E221-12823C92A888): 10
LogDevObjectVersion:   Dev-Niagara (F2AED0AC-9AFE-416F-8664-AA7FFA26D6FC): 1
LogDevObjectVersion:   Dev-Destruction (174F1F0B-B4C6-45A5-B13F-2EE8D0FB917D): 10
LogDevObjectVersion:   Dev-Physics-Ext (35F94A83-E258-406C-A318-09F59610247C): 41
LogDevObjectVersion:   Dev-PhysicsMaterial-Chaos (B68FC16E-8B1B-42E2-B453-215C058844FE): 1
LogDevObjectVersion:   Dev-CineCamera (B2E18506-4273-CFC2-A54E-F4BB758BBA07): 1
LogDevObjectVersion:   Dev-VirtualProduction (64F58936-FD1B-42BA-BA96-7289D5D0FA4E): 1
LogDevObjectVersion:   Dev-MediaFramework (6F0ED827-A609-4895-9C91-998D90180EA4): 2
LogInit: Presizing for max 25165824 objects, including 0 objects not considered by GC, pre-allocating 0 bytes for permanent pool.
LogConfig: Applying CVar settings from Section [/Script/Engine.StreamingSettings] File [C:/Users/joesi/OneDrive/Documents/GitHub/UE4-Sample-WindowsEnv/MyProject/Saved/Config/Windows/Engine.ini]
LogConfig: Setting CVar [[s.MinBulkDataSizeForAsyncLoading:131072]]
LogConfig: Setting CVar [[s.AsyncLoadingThreadEnabled:0]]
LogConfig: Setting CVar [[s.EventDrivenLoaderEnabled:1]]
LogConfig: Setting CVar [[s.WarnIfTimeLimitExceeded:0]]
LogConfig: Setting CVar [[s.TimeLimitExceededMultiplier:1.5]]
LogConfig: Setting CVar [[s.TimeLimitExceededMinTime:0.005]]
LogConfig: Setting CVar [[s.UseBackgroundLevelStreaming:1]]
LogConfig: Setting CVar [[s.PriorityAsyncLoadingExtraTime:15.0]]
LogConfig: Setting CVar [[s.LevelStreamingActorsUpdateTimeLimit:5.0]]
LogConfig: Setting CVar [[s.PriorityLevelStreamingActorsUpdateExtraTime:5.0]]
LogConfig: Setting CVar [[s.LevelStreamingComponentsRegistrationGranularity:10]]
LogConfig: Setting CVar [[s.UnregisterComponentsTimeLimit:1.0]]
LogConfig: Setting CVar [[s.LevelStreamingComponentsUnregistrationGranularity:5]]
LogConfig: Setting CVar [[s.FlushStreamingOnExit:1]]
LogInit: Object subsystem initialized
LogConfig: Setting CVar [[con.DebugEarlyDefault:1]]
LogConfig: Setting CVar [[r.setres:1280x720]]
[2022.01.28-10.40.04:835][  0]LogConfig: Setting CVar [[r.VSync:0]]
[2022.01.28-10.40.04:835][  0]LogConfig: Setting CVar [[r.RHICmdBypass:0]]
[2022.01.28-10.40.04:835][  0]LogConfig: Applying CVar settings from Section [/Script/Engine.RendererSettings] File [C:/Users/joesi/OneDrive/Documents/GitHub/UE4-Sample-WindowsEnv/MyProject/Saved/Config/Windows/Engine.ini]
[2022.01.28-10.40.04:835][  0]LogConfig: Setting CVar [[r.GPUCrashDebugging:0]]
[2022.01.28-10.40.04:835][  0]LogConfig: Applying CVar settings from Section [/Script/Engine.RendererOverrideSettings] File [C:/Users/joesi/OneDrive/Documents/GitHub/UE4-Sample-WindowsEnv/MyProject/Saved/Config/Windows/Engine.ini]
[2022.01.28-10.40.04:835][  0]LogConfig: Applying CVar settings from Section [/Script/Engine.StreamingSettings] File [C:/Users/joesi/OneDrive/Documents/GitHub/UE4-Sample-WindowsEnv/MyProject/Saved/Config/Windows/Engine.ini]
[2022.01.28-10.40.04:835][  0]LogConfig: Setting CVar [[s.MinBulkDataSizeForAsyncLoading:131072]]
[2022.01.28-10.40.04:835][  0]LogConfig: Setting CVar [[s.AsyncLoadingThreadEnabled:0]]
[2022.01.28-10.40.04:835][  0]LogConfig: Setting CVar [[s.EventDrivenLoaderEnabled:1]]
[2022.01.28-10.40.04:835][  0]LogConfig: Setting CVar [[s.WarnIfTimeLimitExceeded:0]]
[2022.01.28-10.40.04:835][  0]LogConfig: Setting CVar [[s.TimeLimitExceededMultiplier:1.5]]
[2022.01.28-10.40.04:835][  0]LogConfig: Setting CVar [[s.TimeLimitExceededMinTime:0.005]]
[2022.01.28-10.40.04:835][  0]LogConfig: Setting CVar [[s.UseBackgroundLevelStreaming:1]]
[2022.01.28-10.40.04:835][  0]LogConfig: Setting CVar [[s.PriorityAsyncLoadingExtraTime:15.0]]
[2022.01.28-10.40.04:835][  0]LogConfig: Setting CVar [[s.LevelStreamingActorsUpdateTimeLimit:5.0]]
[2022.01.28-10.40.04:835][  0]LogConfig: Setting CVar [[s.PriorityLevelStreamingActorsUpdateExtraTime:5.0]]
[2022.01.28-10.40.04:835][  0]LogConfig: Setting CVar [[s.LevelStreamingComponentsRegistrationGranularity:10]]
[2022.01.28-10.40.04:835][  0]LogConfig: Setting CVar [[s.UnregisterComponentsTimeLimit:1.0]]
[2022.01.28-10.40.04:835][  0]LogConfig: Setting CVar [[s.LevelStreamingComponentsUnregistrationGranularity:5]]
[2022.01.28-10.40.04:835][  0]LogConfig: Setting CVar [[s.FlushStreamingOnExit:1]]
[2022.01.28-10.40.04:835][  0]LogConfig: Applying CVar settings from Section [/Script/Engine.GarbageCollectionSettings] File [C:/Users/joesi/OneDrive/Documents/GitHub/UE4-Sample-WindowsEnv/MyProject/Saved/Config/Windows/Engine.ini]
[2022.01.28-10.40.04:835][  0]LogConfig: Setting CVar [[gc.MaxObjectsNotConsideredByGC:1]]
[2022.01.28-10.40.04:835][  0]LogConfig: Setting CVar [[gc.SizeOfPermanentObjectPool:0]]
[2022.01.28-10.40.04:835][  0]LogConfig: Setting CVar [[gc.FlushStreamingOnGC:0]]
[2022.01.28-10.40.04:835][  0]LogConfig: Setting CVar [[gc.NumRetriesBeforeForcingGC:10]]
[2022.01.28-10.40.04:835][  0]LogConfig: Setting CVar [[gc.AllowParallelGC:1]]
[2022.01.28-10.40.04:835][  0]LogConfig: Setting CVar [[gc.TimeBetweenPurgingPendingKillObjects:61.1]]
[2022.01.28-10.40.04:835][  0]LogConfig: Setting CVar [[gc.MaxObjectsInEditor:25165824]]
[2022.01.28-10.40.04:835][  0]LogConfig: Setting CVar [[gc.IncrementalBeginDestroyEnabled:1]]
[2022.01.28-10.40.04:835][  0]LogConfig: Setting CVar [[gc.CreateGCClusters:1]]
[2022.01.28-10.40.04:835][  0]LogConfig: Setting CVar [[gc.MinGCClusterSize:5]]
[2022.01.28-10.40.04:835][  0]LogConfig: Setting CVar [[gc.ActorClusteringEnabled:0]]
[2022.01.28-10.40.04:835][  0]LogConfig: Setting CVar [[gc.BlueprintClusteringEnabled:0]]
[2022.01.28-10.40.04:835][  0]LogConfig: Setting CVar [[gc.UseDisregardForGCOnDedicatedServers:0]]
[2022.01.28-10.40.04:835][  0]LogConfig: Setting CVar [[gc.MultithreadedDestructionEnabled:1]]
[2022.01.28-10.40.04:835][  0]LogConfig: Applying CVar settings from Section [/Script/Engine.NetworkSettings] File [C:/Users/joesi/OneDrive/Documents/GitHub/UE4-Sample-WindowsEnv/MyProject/Saved/Config/Windows/Engine.ini]
[2022.01.28-10.40.04:835][  0]LogConfig: Applying CVar settings from Section [/Script/UnrealEd.CookerSettings] File [C:/Users/joesi/OneDrive/Documents/GitHub/UE4-Sample-WindowsEnv/MyProject/Saved/Config/Windows/Engine.ini]
[2022.01.28-10.40.04:845][  0]LogConfig: Applying CVar settings from Section [ViewDistanceQuality@3] File [C:/Users/joesi/OneDrive/Documents/GitHub/UE4-Sample-WindowsEnv/MyProject/Saved/Config/Windows/Scalability.ini]
[2022.01.28-10.40.04:845][  0]LogConfig: Setting CVar [[r.SkeletalMeshLODBias:0]]
[2022.01.28-10.40.04:845][  0]LogConfig: Setting CVar [[r.ViewDistanceScale:1.0]]
[2022.01.28-10.40.04:845][  0]LogConfig: Applying CVar settings from Section [AntiAliasingQuality@3] File [C:/Users/joesi/OneDrive/Documents/GitHub/UE4-Sample-WindowsEnv/MyProject/Saved/Config/Windows/Scalability.ini]
[2022.01.28-10.40.04:845][  0]LogConfig: Setting CVar [[r.PostProcessAAQuality:4]]
[2022.01.28-10.40.04:845][  0]LogConfig: Applying CVar settings from Section [ShadowQuality@3] File [C:/Users/joesi/OneDrive/Documents/GitHub/UE4-Sample-WindowsEnv/MyProject/Saved/Config/Windows/Scalability.ini]
[2022.01.28-10.40.04:845][  0]LogConfig: Setting CVar [[r.LightFunctionQuality:1]]
[2022.01.28-10.40.04:845][  0]LogConfig: Setting CVar [[r.ShadowQuality:5]]
[2022.01.28-10.40.04:845][  0]LogConfig: Setting CVar [[r.Shadow.CSM.MaxCascades:10]]
[2022.01.28-10.40.04:845][  0]LogConfig: Setting CVar [[r.Shadow.MaxResolution:2048]]
[2022.01.28-10.40.04:845][  0]LogConfig: Setting CVar [[r.Shadow.MaxCSMResolution:2048]]
[2022.01.28-10.40.04:845][  0]LogConfig: Setting CVar [[r.Shadow.RadiusThreshold:0.01]]
[2022.01.28-10.40.04:845][  0]LogConfig: Setting CVar [[r.Shadow.DistanceScale:1.0]]
[2022.01.28-10.40.04:845][  0]LogConfig: Setting CVar [[r.Shadow.CSM.TransitionScale:1.0]]
[2022.01.28-10.40.04:845][  0]LogConfig: Setting CVar [[r.Shadow.PreShadowResolutionFactor:1.0]]
[2022.01.28-10.40.04:845][  0]LogConfig: Setting CVar [[r.DistanceFieldShadowing:1]]
[2022.01.28-10.40.04:845][  0]LogConfig: Setting CVar [[r.DistanceFieldAO:1]]
[2022.01.28-10.40.04:845][  0]LogConfig: Setting CVar [[r.AOQuality:2]]
[2022.01.28-10.40.04:845][  0]LogConfig: Setting CVar [[r.VolumetricFog:1]]
[2022.01.28-10.40.04:845][  0]LogConfig: Setting CVar [[r.VolumetricFog.GridPixelSize:8]]
[2022.01.28-10.40.04:845][  0]LogConfig: Setting CVar [[r.VolumetricFog.GridSizeZ:128]]
[2022.01.28-10.40.04:845][  0]LogConfig: Setting CVar [[r.VolumetricFog.HistoryMissSupersampleCount:4]]
[2022.01.28-10.40.04:845][  0]LogConfig: Setting CVar [[r.LightMaxDrawDistanceScale:1]]
[2022.01.28-10.40.04:845][  0]LogConfig: Setting CVar [[r.CapsuleShadows:1]]
[2022.01.28-10.40.04:845][  0]LogConfig: Applying CVar settings from Section [PostProcessQuality@3] File [C:/Users/joesi/OneDrive/Documents/GitHub/UE4-Sample-WindowsEnv/MyProject/Saved/Config/Windows/Scalability.ini]
[2022.01.28-10.40.04:845][  0]LogConfig: Setting CVar [[r.MotionBlurQuality:4]]
[2022.01.28-10.40.04:845][  0]LogConfig: Setting CVar [[r.AmbientOcclusionMipLevelFactor:0.4]]
[2022.01.28-10.40.04:845][  0]LogConfig: Setting CVar [[r.AmbientOcclusionMaxQuality:100]]
[2022.01.28-10.40.04:845][  0]LogConfig: Setting CVar [[r.AmbientOcclusionLevels:-1]]
[2022.01.28-10.40.04:845][  0]LogConfig: Setting CVar [[r.AmbientOcclusionRadiusScale:1.0]]
[2022.01.28-10.40.04:845][  0]LogConfig: Setting CVar [[r.DepthOfFieldQuality:2]]
[2022.01.28-10.40.04:845][  0]LogConfig: Setting CVar [[r.RenderTargetPoolMin:400]]
[2022.01.28-10.40.04:845][  0]LogConfig: Setting CVar [[r.LensFlareQuality:2]]
[2022.01.28-10.40.04:845][  0]LogConfig: Setting CVar [[r.SceneColorFringeQuality:1]]
[2022.01.28-10.40.04:845][  0]LogConfig: Setting CVar [[r.EyeAdaptationQuality:2]]
[2022.01.28-10.40.04:846][  0]LogConfig: Setting CVar [[r.BloomQuality:5]]
[2022.01.28-10.40.04:846][  0]LogConfig: Setting CVar [[r.FastBlurThreshold:100]]
[2022.01.28-10.40.04:846][  0]LogConfig: Setting CVar [[r.Upscale.Quality:3]]
[2022.01.28-10.40.04:846][  0]LogConfig: Setting CVar [[r.Tonemapper.GrainQuantization:1]]
[2022.01.28-10.40.04:846][  0]LogConfig: Setting CVar [[r.LightShaftQuality:1]]
[2022.01.28-10.40.04:846][  0]LogConfig: Setting CVar [[r.Filter.SizeScale:1]]
[2022.01.28-10.40.04:846][  0]LogConfig: Setting CVar [[r.Tonemapper.Quality:5]]
[2022.01.28-10.40.04:846][  0]LogConfig: Setting CVar [[r.DOF.Gather.AccumulatorQuality:1        ; higher gathering accumulator quality]]
[2022.01.28-10.40.04:846][  0]LogConfig: Setting CVar [[r.DOF.Gather.PostfilterMethod:1          ; Median3x3 postfilering method]]
[2022.01.28-10.40.04:846][  0]LogConfig: Setting CVar [[r.DOF.Gather.EnableBokehSettings:0       ; no bokeh simulation when gathering]]
[2022.01.28-10.40.04:846][  0]LogConfig: Setting CVar [[r.DOF.Gather.RingCount:4                 ; medium number of samples when gathering]]
[2022.01.28-10.40.04:846][  0]LogConfig: Setting CVar [[r.DOF.Scatter.ForegroundCompositing:1    ; additive foreground scattering]]
[2022.01.28-10.40.04:846][  0]LogConfig: Setting CVar [[r.DOF.Scatter.BackgroundCompositing:2    ; additive background scattering]]
[2022.01.28-10.40.04:846][  0]LogConfig: Setting CVar [[r.DOF.Scatter.EnableBokehSettings:1      ; bokeh simulation when scattering]]
[2022.01.28-10.40.04:846][  0]LogConfig: Setting CVar [[r.DOF.Scatter.MaxSpriteRatio:0.1         ; only a maximum of 10% of scattered bokeh]]
[2022.01.28-10.40.04:846][  0]LogConfig: Setting CVar [[r.DOF.Recombine.Quality:1                ; cheap slight out of focus]]
[2022.01.28-10.40.04:846][  0]LogConfig: Setting CVar [[r.DOF.Recombine.EnableBokehSettings:0    ; no bokeh simulation on slight out of focus]]
[2022.01.28-10.40.04:846][  0]LogConfig: Setting CVar [[r.DOF.TemporalAAQuality:1                ; more stable temporal accumulation]]
[2022.01.28-10.40.04:846][  0]LogConfig: Setting CVar [[r.DOF.Kernel.MaxForegroundRadius:0.025]]
[2022.01.28-10.40.04:846][  0]LogConfig: Setting CVar [[r.DOF.Kernel.MaxBackgroundRadius:0.025]]
[2022.01.28-10.40.04:846][  0]LogConfig: Applying CVar settings from Section [TextureQuality@3] File [C:/Users/joesi/OneDrive/Documents/GitHub/UE4-Sample-WindowsEnv/MyProject/Saved/Config/Windows/Scalability.ini]
[2022.01.28-10.40.04:846][  0]LogConfig: Setting CVar [[r.Streaming.MipBias:0]]
[2022.01.28-10.40.04:846][  0]LogConfig: Setting CVar [[r.Streaming.AmortizeCPUToGPUCopy:0]]
[2022.01.28-10.40.04:846][  0]LogConfig: Setting CVar [[r.Streaming.MaxNumTexturesToStreamPerFrame:0]]
[2022.01.28-10.40.04:846][  0]LogConfig: Setting CVar [[r.Streaming.Boost:1]]
[2022.01.28-10.40.04:846][  0]LogConfig: Setting CVar [[r.MaxAnisotropy:8]]
[2022.01.28-10.40.04:846][  0]LogConfig: Setting CVar [[r.VT.MaxAnisotropy:8]]
[2022.01.28-10.40.04:846][  0]LogConfig: Setting CVar [[r.Streaming.LimitPoolSizeToVRAM:0]]
[2022.01.28-10.40.04:846][  0]LogConfig: Setting CVar [[r.Streaming.PoolSize:1000]]
[2022.01.28-10.40.04:846][  0]LogConfig: Setting CVar [[r.Streaming.MaxEffectiveScreenSize:0]]
[2022.01.28-10.40.04:846][  0]LogConfig: Applying CVar settings from Section [EffectsQuality@3] File [C:/Users/joesi/OneDrive/Documents/GitHub/UE4-Sample-WindowsEnv/MyProject/Saved/Config/Windows/Scalability.ini]
[2022.01.28-10.40.04:846][  0]LogConfig: Setting CVar [[r.TranslucencyLightingVolumeDim:64]]
[2022.01.28-10.40.04:846][  0]LogConfig: Setting CVar [[r.RefractionQuality:2]]
[2022.01.28-10.40.04:846][  0]LogConfig: Setting CVar [[r.SSR.Quality:3]]
[2022.01.28-10.40.04:846][  0]LogConfig: Setting CVar [[r.SSR.HalfResSceneColor:0]]
[2022.01.28-10.40.04:846][  0]LogConfig: Setting CVar [[r.SceneColorFormat:4]]
[2022.01.28-10.40.04:846][  0]LogConfig: Setting CVar [[r.DetailMode:2]]
[2022.01.28-10.40.04:846][  0]LogConfig: Setting CVar [[r.TranslucencyVolumeBlur:1]]
[2022.01.28-10.40.04:846][  0]LogConfig: Setting CVar [[r.MaterialQualityLevel:1 ; High quality]]
[2022.01.28-10.40.04:846][  0]LogConfig: Setting CVar [[r.AnisotropicMaterials:1]]
[2022.01.28-10.40.04:846][  0]LogConfig: Setting CVar [[r.SSS.Scale:1]]
[2022.01.28-10.40.04:846][  0]LogConfig: Setting CVar [[r.SSS.SampleSet:2]]
[2022.01.28-10.40.04:846][  0]LogConfig: Setting CVar [[r.SSS.Quality:1]]
[2022.01.28-10.40.04:846][  0]LogConfig: Setting CVar [[r.SSS.HalfRes:0]]
[2022.01.28-10.40.04:846][  0]LogConfig: Setting CVar [[r.SSGI.Quality:3]]
[2022.01.28-10.40.04:846][  0]LogConfig: Setting CVar [[r.EmitterSpawnRateScale:1.0]]
[2022.01.28-10.40.04:846][  0]LogConfig: Setting CVar [[r.ParticleLightQuality:2]]
[2022.01.28-10.40.04:846][  0]LogConfig: Setting CVar [[r.SkyAtmosphere.AerialPerspectiveLUT.FastApplyOnOpaque:1 ; Always have FastSkyLUT 1 in this case to avoid wrong sky]]
[2022.01.28-10.40.04:846][  0]LogConfig: Setting CVar [[r.SkyAtmosphere.AerialPerspectiveLUT.SampleCountMaxPerSlice:4]]
[2022.01.28-10.40.04:846][  0]LogConfig: Setting CVar [[r.SkyAtmosphere.AerialPerspectiveLUT.DepthResolution:16.0]]
[2022.01.28-10.40.04:846][  0]LogConfig: Setting CVar [[r.SkyAtmosphere.FastSkyLUT:1]]
[2022.01.28-10.40.04:846][  0]LogConfig: Setting CVar [[r.SkyAtmosphere.FastSkyLUT.SampleCountMin:4.0]]
[2022.01.28-10.40.04:846][  0]LogConfig: Setting CVar [[r.SkyAtmosphere.FastSkyLUT.SampleCountMax:128.0]]
[2022.01.28-10.40.04:846][  0]LogConfig: Setting CVar [[r.SkyAtmosphere.SampleCountMin:4.0]]
[2022.01.28-10.40.04:846][  0]LogConfig: Setting CVar [[r.SkyAtmosphere.SampleCountMax:128.0]]
[2022.01.28-10.40.04:846][  0]LogConfig: Setting CVar [[r.SkyAtmosphere.TransmittanceLUT.UseSmallFormat:0]]
[2022.01.28-10.40.04:846][  0]LogConfig: Setting CVar [[r.SkyAtmosphere.TransmittanceLUT.SampleCount:10.0]]
[2022.01.28-10.40.04:846][  0]LogConfig: Setting CVar [[r.SkyAtmosphere.MultiScatteringLUT.SampleCount:15.0]]
[2022.01.28-10.40.04:846][  0]LogConfig: Setting CVar [[r.SkyLight.RealTimeReflectionCapture:1]]
[2022.01.28-10.40.04:846][  0]LogConfig: Applying CVar settings from Section [FoliageQuality@3] File [C:/Users/joesi/OneDrive/Documents/GitHub/UE4-Sample-WindowsEnv/MyProject/Saved/Config/Windows/Scalability.ini]
[2022.01.28-10.40.04:846][  0]LogConfig: Setting CVar [[foliage.DensityScale:1.0]]
[2022.01.28-10.40.04:846][  0]LogConfig: Setting CVar [[grass.DensityScale:1.0]]
[2022.01.28-10.40.04:846][  0]LogConfig: Applying CVar settings from Section [ShadingQuality@3] File [C:/Users/joesi/OneDrive/Documents/GitHub/UE4-Sample-WindowsEnv/MyProject/Saved/Config/Windows/Scalability.ini]
[2022.01.28-10.40.04:846][  0]LogConfig: Setting CVar [[r.HairStrands.SkyLighting.IntegrationType:2]]
[2022.01.28-10.40.04:846][  0]LogConfig: Setting CVar [[r.HairStrands.SkyAO.SampleCount:4]]
[2022.01.28-10.40.04:846][  0]LogConfig: Setting CVar [[r.HairStrands.Visibility.MSAA.SamplePerPixel:4]]
[2022.01.28-10.40.04:846][  0]LogInit: Selected Device Profile: [Windows]
[2022.01.28-10.40.04:846][  0]LogInit: Applying CVar settings loaded from the selected device profile: [Windows]
[2022.01.28-10.40.04:846][  0]LogHAL: Display: Platform has ~ 40 GB [42821922816 / 68719476736 / 40], which maps to Largest [LargestMinGB=32, LargerMinGB=12, DefaultMinGB=8, SmallerMinGB=6, SmallestMinGB=0)
[2022.01.28-10.40.04:846][  0]LogInit: Going up to parent DeviceProfile []
[2022.01.28-10.40.04:846][  0]LogConfig: Applying CVar settings from Section [ViewDistanceQuality@3] File [C:/Users/joesi/OneDrive/Documents/GitHub/UE4-Sample-WindowsEnv/MyProject/Saved/Config/Windows/Scalability.ini]
[2022.01.28-10.40.04:846][  0]LogConfig: Setting CVar [[r.SkeletalMeshLODBias:0]]
[2022.01.28-10.40.04:846][  0]LogConfig: Setting CVar [[r.ViewDistanceScale:1.0]]
[2022.01.28-10.40.04:846][  0]LogConfig: Applying CVar settings from Section [AntiAliasingQuality@3] File [C:/Users/joesi/OneDrive/Documents/GitHub/UE4-Sample-WindowsEnv/MyProject/Saved/Config/Windows/Scalability.ini]
[2022.01.28-10.40.04:847][  0]LogConfig: Setting CVar [[r.PostProcessAAQuality:4]]
[2022.01.28-10.40.04:847][  0]LogConfig: Applying CVar settings from Section [ShadowQuality@3] File [C:/Users/joesi/OneDrive/Documents/GitHub/UE4-Sample-WindowsEnv/MyProject/Saved/Config/Windows/Scalability.ini]
[2022.01.28-10.40.04:847][  0]LogConfig: Setting CVar [[r.LightFunctionQuality:1]]
[2022.01.28-10.40.04:847][  0]LogConfig: Setting CVar [[r.ShadowQuality:5]]
[2022.01.28-10.40.04:847][  0]LogConfig: Setting CVar [[r.Shadow.CSM.MaxCascades:10]]
[2022.01.28-10.40.04:847][  0]LogConfig: Setting CVar [[r.Shadow.MaxResolution:2048]]
[2022.01.28-10.40.04:847][  0]LogConfig: Setting CVar [[r.Shadow.MaxCSMResolution:2048]]
[2022.01.28-10.40.04:847][  0]LogConfig: Setting CVar [[r.Shadow.RadiusThreshold:0.01]]
[2022.01.28-10.40.04:847][  0]LogConfig: Setting CVar [[r.Shadow.DistanceScale:1.0]]
[2022.01.28-10.40.04:847][  0]LogConfig: Setting CVar [[r.Shadow.CSM.TransitionScale:1.0]]
[2022.01.28-10.40.04:847][  0]LogConfig: Setting CVar [[r.Shadow.PreShadowResolutionFactor:1.0]]
[2022.01.28-10.40.04:847][  0]LogConfig: Setting CVar [[r.DistanceFieldShadowing:1]]
[2022.01.28-10.40.04:847][  0]LogConfig: Setting CVar [[r.DistanceFieldAO:1]]
[2022.01.28-10.40.04:847][  0]LogConfig: Setting CVar [[r.AOQuality:2]]
[2022.01.28-10.40.04:847][  0]LogConfig: Setting CVar [[r.VolumetricFog:1]]
[2022.01.28-10.40.04:847][  0]LogConfig: Setting CVar [[r.VolumetricFog.GridPixelSize:8]]
[2022.01.28-10.40.04:847][  0]LogConfig: Setting CVar [[r.VolumetricFog.GridSizeZ:128]]
[2022.01.28-10.40.04:847][  0]LogConfig: Setting CVar [[r.VolumetricFog.HistoryMissSupersampleCount:4]]
[2022.01.28-10.40.04:847][  0]LogConfig: Setting CVar [[r.LightMaxDrawDistanceScale:1]]
[2022.01.28-10.40.04:847][  0]LogConfig: Setting CVar [[r.CapsuleShadows:1]]
[2022.01.28-10.40.04:847][  0]LogConfig: Applying CVar settings from Section [PostProcessQuality@3] File [C:/Users/joesi/OneDrive/Documents/GitHub/UE4-Sample-WindowsEnv/MyProject/Saved/Config/Windows/Scalability.ini]
[2022.01.28-10.40.04:847][  0]LogConfig: Setting CVar [[r.MotionBlurQuality:4]]
[2022.01.28-10.40.04:847][  0]LogConfig: Setting CVar [[r.AmbientOcclusionMipLevelFactor:0.4]]
[2022.01.28-10.40.04:847][  0]LogConfig: Setting CVar [[r.AmbientOcclusionMaxQuality:100]]
[2022.01.28-10.40.04:847][  0]LogConfig: Setting CVar [[r.AmbientOcclusionLevels:-1]]
[2022.01.28-10.40.04:847][  0]LogConfig: Setting CVar [[r.AmbientOcclusionRadiusScale:1.0]]
[2022.01.28-10.40.04:847][  0]LogConfig: Setting CVar [[r.DepthOfFieldQuality:2]]
[2022.01.28-10.40.04:847][  0]LogConfig: Setting CVar [[r.RenderTargetPoolMin:400]]
[2022.01.28-10.40.04:847][  0]LogConfig: Setting CVar [[r.LensFlareQuality:2]]
[2022.01.28-10.40.04:847][  0]LogConfig: Setting CVar [[r.SceneColorFringeQuality:1]]
[2022.01.28-10.40.04:847][  0]LogConfig: Setting CVar [[r.EyeAdaptationQuality:2]]
[2022.01.28-10.40.04:847][  0]LogConfig: Setting CVar [[r.BloomQuality:5]]
[2022.01.28-10.40.04:847][  0]LogConfig: Setting CVar [[r.FastBlurThreshold:100]]
[2022.01.28-10.40.04:847][  0]LogConfig: Setting CVar [[r.Upscale.Quality:3]]
[2022.01.28-10.40.04:847][  0]LogConfig: Setting CVar [[r.Tonemapper.GrainQuantization:1]]
[2022.01.28-10.40.04:847][  0]LogConfig: Setting CVar [[r.LightShaftQuality:1]]
[2022.01.28-10.40.04:847][  0]LogConfig: Setting CVar [[r.Filter.SizeScale:1]]
[2022.01.28-10.40.04:847][  0]LogConfig: Setting CVar [[r.Tonemapper.Quality:5]]
[2022.01.28-10.40.04:847][  0]LogConfig: Setting CVar [[r.DOF.Gather.AccumulatorQuality:1        ; higher gathering accumulator quality]]
[2022.01.28-10.40.04:847][  0]LogConfig: Setting CVar [[r.DOF.Gather.PostfilterMethod:1          ; Median3x3 postfilering method]]
[2022.01.28-10.40.04:847][  0]LogConfig: Setting CVar [[r.DOF.Gather.EnableBokehSettings:0       ; no bokeh simulation when gathering]]
[2022.01.28-10.40.04:847][  0]LogConfig: Setting CVar [[r.DOF.Gather.RingCount:4                 ; medium number of samples when gathering]]
[2022.01.28-10.40.04:847][  0]LogConfig: Setting CVar [[r.DOF.Scatter.ForegroundCompositing:1    ; additive foreground scattering]]
[2022.01.28-10.40.04:847][  0]LogConfig: Setting CVar [[r.DOF.Scatter.BackgroundCompositing:2    ; additive background scattering]]
[2022.01.28-10.40.04:847][  0]LogConfig: Setting CVar [[r.DOF.Scatter.EnableBokehSettings:1      ; bokeh simulation when scattering]]
[2022.01.28-10.40.04:847][  0]LogConfig: Setting CVar [[r.DOF.Scatter.MaxSpriteRatio:0.1         ; only a maximum of 10% of scattered bokeh]]
[2022.01.28-10.40.04:847][  0]LogConfig: Setting CVar [[r.DOF.Recombine.Quality:1                ; cheap slight out of focus]]
[2022.01.28-10.40.04:847][  0]LogConfig: Setting CVar [[r.DOF.Recombine.EnableBokehSettings:0    ; no bokeh simulation on slight out of focus]]
[2022.01.28-10.40.04:847][  0]LogConfig: Setting CVar [[r.DOF.TemporalAAQuality:1                ; more stable temporal accumulation]]
[2022.01.28-10.40.04:847][  0]LogConfig: Setting CVar [[r.DOF.Kernel.MaxForegroundRadius:0.025]]
[2022.01.28-10.40.04:847][  0]LogConfig: Setting CVar [[r.DOF.Kernel.MaxBackgroundRadius:0.025]]
[2022.01.28-10.40.04:847][  0]LogConfig: Applying CVar settings from Section [TextureQuality@3] File [C:/Users/joesi/OneDrive/Documents/GitHub/UE4-Sample-WindowsEnv/MyProject/Saved/Config/Windows/Scalability.ini]
[2022.01.28-10.40.04:847][  0]LogConfig: Setting CVar [[r.Streaming.MipBias:0]]
[2022.01.28-10.40.04:847][  0]LogConfig: Setting CVar [[r.Streaming.AmortizeCPUToGPUCopy:0]]
[2022.01.28-10.40.04:847][  0]LogConfig: Setting CVar [[r.Streaming.MaxNumTexturesToStreamPerFrame:0]]
[2022.01.28-10.40.04:847][  0]LogConfig: Setting CVar [[r.Streaming.Boost:1]]
[2022.01.28-10.40.04:847][  0]LogConfig: Setting CVar [[r.MaxAnisotropy:8]]
[2022.01.28-10.40.04:847][  0]LogConfig: Setting CVar [[r.VT.MaxAnisotropy:8]]
[2022.01.28-10.40.04:847][  0]LogConfig: Setting CVar [[r.Streaming.LimitPoolSizeToVRAM:0]]
[2022.01.28-10.40.04:847][  0]LogConfig: Setting CVar [[r.Streaming.PoolSize:1000]]
[2022.01.28-10.40.04:847][  0]LogConfig: Setting CVar [[r.Streaming.MaxEffectiveScreenSize:0]]
[2022.01.28-10.40.04:847][  0]LogConfig: Applying CVar settings from Section [EffectsQuality@3] File [C:/Users/joesi/OneDrive/Documents/GitHub/UE4-Sample-WindowsEnv/MyProject/Saved/Config/Windows/Scalability.ini]
[2022.01.28-10.40.04:847][  0]LogConfig: Setting CVar [[r.TranslucencyLightingVolumeDim:64]]
[2022.01.28-10.40.04:847][  0]LogConfig: Setting CVar [[r.RefractionQuality:2]]
[2022.01.28-10.40.04:847][  0]LogConfig: Setting CVar [[r.SSR.Quality:3]]
[2022.01.28-10.40.04:847][  0]LogConfig: Setting CVar [[r.SSR.HalfResSceneColor:0]]
[2022.01.28-10.40.04:847][  0]LogConfig: Setting CVar [[r.SceneColorFormat:4]]
[2022.01.28-10.40.04:847][  0]LogConfig: Setting CVar [[r.DetailMode:2]]
[2022.01.28-10.40.04:847][  0]LogConfig: Setting CVar [[r.TranslucencyVolumeBlur:1]]
[2022.01.28-10.40.04:847][  0]LogConfig: Setting CVar [[r.MaterialQualityLevel:1 ; High quality]]
[2022.01.28-10.40.04:847][  0]LogConfig: Setting CVar [[r.AnisotropicMaterials:1]]
[2022.01.28-10.40.04:847][  0]LogConfig: Setting CVar [[r.SSS.Scale:1]]
[2022.01.28-10.40.04:847][  0]LogConfig: Setting CVar [[r.SSS.SampleSet:2]]
[2022.01.28-10.40.04:847][  0]LogConfig: Setting CVar [[r.SSS.Quality:1]]
[2022.01.28-10.40.04:847][  0]LogConfig: Setting CVar [[r.SSS.HalfRes:0]]
[2022.01.28-10.40.04:847][  0]LogConfig: Setting CVar [[r.SSGI.Quality:3]]
[2022.01.28-10.40.04:847][  0]LogConfig: Setting CVar [[r.EmitterSpawnRateScale:1.0]]
[2022.01.28-10.40.04:847][  0]LogConfig: Setting CVar [[r.ParticleLightQuality:2]]
[2022.01.28-10.40.04:847][  0]LogConfig: Setting CVar [[r.SkyAtmosphere.AerialPerspectiveLUT.FastApplyOnOpaque:1 ; Always have FastSkyLUT 1 in this case to avoid wrong sky]]
[2022.01.28-10.40.04:847][  0]LogConfig: Setting CVar [[r.SkyAtmosphere.AerialPerspectiveLUT.SampleCountMaxPerSlice:4]]
[2022.01.28-10.40.04:847][  0]LogConfig: Setting CVar [[r.SkyAtmosphere.AerialPerspectiveLUT.DepthResolution:16.0]]
[2022.01.28-10.40.04:847][  0]LogConfig: Setting CVar [[r.SkyAtmosphere.FastSkyLUT:1]]
[2022.01.28-10.40.04:847][  0]LogConfig: Setting CVar [[r.SkyAtmosphere.FastSkyLUT.SampleCountMin:4.0]]
[2022.01.28-10.40.04:847][  0]LogConfig: Setting CVar [[r.SkyAtmosphere.FastSkyLUT.SampleCountMax:128.0]]
[2022.01.28-10.40.04:848][  0]LogConfig: Setting CVar [[r.SkyAtmosphere.SampleCountMin:4.0]]
[2022.01.28-10.40.04:848][  0]LogConfig: Setting CVar [[r.SkyAtmosphere.SampleCountMax:128.0]]
[2022.01.28-10.40.04:848][  0]LogConfig: Setting CVar [[r.SkyAtmosphere.TransmittanceLUT.UseSmallFormat:0]]
[2022.01.28-10.40.04:848][  0]LogConfig: Setting CVar [[r.SkyAtmosphere.TransmittanceLUT.SampleCount:10.0]]
[2022.01.28-10.40.04:848][  0]LogConfig: Setting CVar [[r.SkyAtmosphere.MultiScatteringLUT.SampleCount:15.0]]
[2022.01.28-10.40.04:848][  0]LogConfig: Setting CVar [[r.SkyLight.RealTimeReflectionCapture:1]]
[2022.01.28-10.40.04:848][  0]LogConfig: Applying CVar settings from Section [FoliageQuality@3] File [C:/Users/joesi/OneDrive/Documents/GitHub/UE4-Sample-WindowsEnv/MyProject/Saved/Config/Windows/Scalability.ini]
[2022.01.28-10.40.04:848][  0]LogConfig: Setting CVar [[foliage.DensityScale:1.0]]
[2022.01.28-10.40.04:848][  0]LogConfig: Setting CVar [[grass.DensityScale:1.0]]
[2022.01.28-10.40.04:848][  0]LogConfig: Applying CVar settings from Section [ShadingQuality@3] File [C:/Users/joesi/OneDrive/Documents/GitHub/UE4-Sample-WindowsEnv/MyProject/Saved/Config/Windows/Scalability.ini]
[2022.01.28-10.40.04:848][  0]LogConfig: Setting CVar [[r.HairStrands.SkyLighting.IntegrationType:2]]
[2022.01.28-10.40.04:848][  0]LogConfig: Setting CVar [[r.HairStrands.SkyAO.SampleCount:4]]
[2022.01.28-10.40.04:848][  0]LogConfig: Setting CVar [[r.HairStrands.Visibility.MSAA.SamplePerPixel:4]]
[2022.01.28-10.40.04:848][  0]LogConfig: Applying CVar settings from Section [Startup] File [../../../Engine/Config/ConsoleVariables.ini]
[2022.01.28-10.40.04:848][  0]LogConfig: Setting CVar [[net.UseAdaptiveNetUpdateFrequency:0]]
[2022.01.28-10.40.04:848][  0]LogConfig: Setting CVar [[p.chaos.AllowCreatePhysxBodies:1]]
[2022.01.28-10.40.04:848][  0]LogConfig: Setting CVar [[fx.SkipVectorVMBackendOptimizations:1]]
[2022.01.28-10.40.04:848][  0]LogConfig: Applying CVar settings from Section [ConsoleVariables] File [C:/Users/joesi/OneDrive/Documents/GitHub/UE4-Sample-WindowsEnv/MyProject/Saved/Config/Windows/Engine.ini]
[2022.01.28-10.40.04:848][  0]LogConfig: Applying CVar settings from Section [ConsoleVariables] File [C:/Users/joesi/OneDrive/Documents/GitHub/UE4-Sample-WindowsEnv/MyProject/Saved/Config/Windows/Editor.ini]
[2022.01.28-10.40.04:848][  0]LogInit: Computer: DESKTOP-60B67IP
[2022.01.28-10.40.04:848][  0]LogInit: User: joesi
[2022.01.28-10.40.04:848][  0]LogInit: CPU Page size=4096, Cores=6
[2022.01.28-10.40.04:848][  0]LogInit: High frequency timer resolution =10.000000 MHz
[2022.01.28-10.40.04:848][  0]LogMemory: Memory total: Physical=39.9GB (40GB approx)
[2022.01.28-10.40.04:848][  0]LogMemory: Platform Memory Stats for Windows
[2022.01.28-10.40.04:848][  0]LogMemory: Process Physical Memory: 139.63 MB used, 139.64 MB peak
[2022.01.28-10.40.04:848][  0]LogMemory: Process Virtual Memory: 129.46 MB used, 129.46 MB peak
[2022.01.28-10.40.04:848][  0]LogMemory: Physical Memory: 13198.45 MB used,  27639.71 MB free, 40838.17 MB total
[2022.01.28-10.40.04:848][  0]LogMemory: Virtual Memory: 134189704.00 MB used,  28019.99 MB free, 134217728.00 MB total
[2022.01.28-10.40.04:852][  0]LogWindows: WindowsPlatformFeatures enabled
[2022.01.28-10.40.04:870][  0]LogInit: Physics initialised using underlying interface: PhysX
[2022.01.28-10.40.04:871][  0]LogInit: Using OS detected language (en-US).
[2022.01.28-10.40.04:871][  0]LogInit: Using OS detected locale (en-AS).
[2022.01.28-10.40.04:874][  0]LogTextLocalizationManager: No specific localization for 'en-US' exists, so the 'en' localization will be used.
[2022.01.28-10.40.05:056][  0]LogInit: Setting process to per monitor DPI aware
[2022.01.28-10.40.05:066][  0]LogWindowsTextInputMethodSystem: Display: IME system deactivated.
[2022.01.28-10.40.05:078][  0]LogSlate: New Slate User Created.  User Index 0, Is Virtual User: 0
[2022.01.28-10.40.05:078][  0]LogSlate: Slate User Registered.  User Index 0, Is Virtual User: 0
[2022.01.28-10.40.05:198][  0]LogD3D11RHI: Loaded GFSDK_Aftermath_Lib.x64.dll
[2022.01.28-10.40.05:201][  0]LogHMD: Failed to initialize OpenVR with code 110
[2022.01.28-10.40.05:201][  0]LogD3D11RHI: D3D11 min allowed feature level: 11_0
[2022.01.28-10.40.05:201][  0]LogD3D11RHI: D3D11 max allowed feature level: 11_0
[2022.01.28-10.40.05:201][  0]LogD3D11RHI: D3D11 adapters:
[2022.01.28-10.40.05:301][  0]LogD3D11RHI:    0. 'Radeon Pro 570X' (Feature Level 11_0)
[2022.01.28-10.40.05:302][  0]LogD3D11RHI:       4040/0/20419 MB DedicatedVideo/DedicatedSystem/SharedSystem, Outputs:1, VendorId:0x1002
[2022.01.28-10.40.05:304][  0]LogD3D11RHI:    1. 'Microsoft Basic Render Driver' (Feature Level 11_0)
[2022.01.28-10.40.05:304][  0]LogD3D11RHI:       0/0/20419 MB DedicatedVideo/DedicatedSystem/SharedSystem, Outputs:0, VendorId:0x1414
[2022.01.28-10.40.05:304][  0]LogD3D11RHI: Chosen D3D11 Adapter:
[2022.01.28-10.40.05:304][  0]LogD3D11RHI:     Description : Radeon Pro 570X
[2022.01.28-10.40.05:304][  0]LogD3D11RHI:     VendorId    : 1002
[2022.01.28-10.40.05:304][  0]LogD3D11RHI:     DeviceId    : 67df
[2022.01.28-10.40.05:304][  0]LogD3D11RHI:     SubSysId    : 19e106b
[2022.01.28-10.40.05:304][  0]LogD3D11RHI:     Revision    : 00c5
[2022.01.28-10.40.05:304][  0]LogD3D11RHI:     DedicatedVideoMemory : 4236959744 bytes
[2022.01.28-10.40.05:304][  0]LogD3D11RHI:     DedicatedSystemMemory : 0 bytes
[2022.01.28-10.40.05:304][  0]LogD3D11RHI:     SharedSystemMemory : 21410961408 bytes
[2022.01.28-10.40.05:304][  0]LogD3D11RHI:     AdapterLuid : 0 58851
[2022.01.28-10.40.05:308][  0]LogD3D11RHI: Creating new Direct3DDevice
[2022.01.28-10.40.05:308][  0]LogD3D11RHI:     GPU DeviceId: 0x67df (for the marketing name, search the web for "GPU Device Id")
[2022.01.28-10.40.05:308][  0]LogWindows: EnumDisplayDevices:
[2022.01.28-10.40.05:309][  0]LogWindows:    0. 'Radeon Pro 570X' (P:1 D:1)
[2022.01.28-10.40.05:309][  0]LogWindows:    1. 'Radeon Pro 570X' (P:0 D:0)
[2022.01.28-10.40.05:309][  0]LogWindows:    2. 'Radeon Pro 570X' (P:0 D:0)
[2022.01.28-10.40.05:310][  0]LogWindows:    3. 'Radeon Pro 570X' (P:0 D:0)
[2022.01.28-10.40.05:310][  0]LogWindows:    4. 'Radeon Pro 570X' (P:0 D:0)
[2022.01.28-10.40.05:310][  0]LogWindows:    5. 'Radeon Pro 570X' (P:0 D:0)
[2022.01.28-10.40.05:311][  0]LogWindows:    6. 'Radeon Pro 570X' (P:0 D:0)
[2022.01.28-10.40.05:311][  0]LogWindows:    7. 'Radeon Pro 570X' (P:0 D:0)
[2022.01.28-10.40.05:311][  0]LogWindows: DebugString: FoundDriverCount:8 
[2022.01.28-10.40.05:311][  0]LogD3D11RHI:     Adapter Name: Radeon Pro 570X
[2022.01.28-10.40.05:311][  0]LogD3D11RHI:   Driver Version: Adrenalin 20.45.40.10 (internal:27.20.14540.10001, unified:27.20.14540.10001)
[2022.01.28-10.40.05:311][  0]LogD3D11RHI:      Driver Date: 6-30-2021
[2022.01.28-10.40.05:311][  0]LogRHI: Texture pool is 2404 MB (70% of 3434 MB)
[2022.01.28-10.40.05:332][  0]LogD3D11RHI: Creating D3DDevice with AMD AGS, using adapter:
[2022.01.28-10.40.05:332][  0]LogD3D11RHI:     Description : Radeon Pro 570X
[2022.01.28-10.40.05:332][  0]LogD3D11RHI:     VendorId    : 1002
[2022.01.28-10.40.05:332][  0]LogD3D11RHI:     DeviceId    : 67df
[2022.01.28-10.40.05:332][  0]LogD3D11RHI:     SubSysId    : 19e106b
[2022.01.28-10.40.05:332][  0]LogD3D11RHI:     Revision    : 00c5
[2022.01.28-10.40.05:332][  0]LogD3D11RHI:     DedicatedVideoMemory : 4236959744 bytes
[2022.01.28-10.40.05:332][  0]LogD3D11RHI:     DedicatedSystemMemory : 0 bytes
[2022.01.28-10.40.05:332][  0]LogD3D11RHI:     SharedSystemMemory : 21410961408 bytes
[2022.01.28-10.40.05:332][  0]LogD3D11RHI:     AdapterLuid : 0 58851
[2022.01.28-10.40.05:427][  0]LogD3D11RHI: Created device via AGS, feature level 11_0, supported extensions 1fffffbf.
[2022.01.28-10.40.05:427][  0]LogD3D11RHI: RHI has support for 64 bit atomics
[2022.01.28-10.40.05:427][  0]LogD3D11RHI: Async texture creation enabled
[2022.01.28-10.40.05:427][  0]LogD3D11RHI: Array index from any shader is supported
[2022.01.28-10.40.05:443][  0]LogD3D11RHI: GPU Timing Frequency: 25.000000 (Debug: 2 1)
[2022.01.28-10.40.05:708][  0]LogTargetPlatformManager: Display: Loaded TargetPlatform 'AllDesktop'
[2022.01.28-10.40.05:733][  0]LogTargetPlatformManager: Display: Loaded TargetPlatform 'Android'
[2022.01.28-10.40.05:733][  0]LogTargetPlatformManager: Display: Loaded TargetPlatform 'Android_ASTC'
[2022.01.28-10.40.05:733][  0]LogTargetPlatformManager: Display: Loaded TargetPlatform 'Android_DXT'
[2022.01.28-10.40.05:733][  0]LogTargetPlatformManager: Display: Loaded TargetPlatform 'Android_ETC2'
[2022.01.28-10.40.05:733][  0]LogTargetPlatformManager: Display: Loaded TargetPlatform 'AndroidClient'
[2022.01.28-10.40.05:733][  0]LogTargetPlatformManager: Display: Loaded TargetPlatform 'Android_ASTCClient'
[2022.01.28-10.40.05:733][  0]LogTargetPlatformManager: Display: Loaded TargetPlatform 'Android_DXTClient'
[2022.01.28-10.40.05:733][  0]LogTargetPlatformManager: Display: Loaded TargetPlatform 'Android_ETC2Client'
[2022.01.28-10.40.05:733][  0]LogTargetPlatformManager: Display: Loaded TargetPlatform 'Android_Multi'
[2022.01.28-10.40.05:733][  0]LogTargetPlatformManager: Display: Loaded TargetPlatform 'Android_MultiClient'
[2022.01.28-10.40.05:752][  0]LogTargetPlatformManager: Display: Loaded TargetPlatform 'IOSClient'
[2022.01.28-10.40.05:752][  0]LogTargetPlatformManager: Display: Loaded TargetPlatform 'IOS'
[2022.01.28-10.40.05:762][  0]LogTargetPlatformManager: Display: Loaded TargetPlatform 'Linux'
[2022.01.28-10.40.05:766][  0]LogTargetPlatformManager: Display: Loaded TargetPlatform 'LinuxNoEditor'
[2022.01.28-10.40.05:771][  0]LogTargetPlatformManager: Display: Loaded TargetPlatform 'LinuxClient'
[2022.01.28-10.40.05:776][  0]LogTargetPlatformManager: Display: Loaded TargetPlatform 'LinuxServer'
[2022.01.28-10.40.05:785][  0]LogTargetPlatformManager: Display: Loaded TargetPlatform 'LinuxAArch64NoEditor'
[2022.01.28-10.40.05:789][  0]LogTargetPlatformManager: Display: Loaded TargetPlatform 'LinuxAArch64Client'
[2022.01.28-10.40.05:793][  0]LogTargetPlatformManager: Display: Loaded TargetPlatform 'LinuxAArch64Server'
[2022.01.28-10.40.05:817][  0]LogTargetPlatformManager: Display: Loaded TargetPlatform 'Lumin'
[2022.01.28-10.40.05:817][  0]LogTargetPlatformManager: Display: Loaded TargetPlatform 'LuminClient'
[2022.01.28-10.40.05:826][  0]LogTargetPlatformManager: Display: Loaded TargetPlatform 'MacNoEditor'
[2022.01.28-10.40.05:830][  0]LogTargetPlatformManager: Display: Loaded TargetPlatform 'Mac'
[2022.01.28-10.40.05:834][  0]LogTargetPlatformManager: Display: Loaded TargetPlatform 'MacClient'
[2022.01.28-10.40.05:837][  0]LogTargetPlatformManager: Display: Loaded TargetPlatform 'MacServer'
[2022.01.28-10.40.05:847][  0]LogTargetPlatformManager: Display: Loaded TargetPlatform 'TVOSClient'
[2022.01.28-10.40.05:847][  0]LogTargetPlatformManager: Display: Loaded TargetPlatform 'TVOS'
[2022.01.28-10.40.05:856][  0]LogTargetPlatformManager: Display: Loaded TargetPlatform 'WindowsNoEditor'
[2022.01.28-10.40.05:860][  0]LogTargetPlatformManager: Display: Loaded TargetPlatform 'Windows'
[2022.01.28-10.40.05:864][  0]LogTargetPlatformManager: Display: Loaded TargetPlatform 'WindowsClient'
[2022.01.28-10.40.05:868][  0]LogTargetPlatformManager: Display: Loaded TargetPlatform 'WindowsServer'
[2022.01.28-10.40.05:868][  0]LogTargetPlatformManager: Display: Building Assets For Windows
[2022.01.28-10.40.05:875][  0]LogAudioDebug: Display: Lib vorbis DLL was dynamically loaded.
[2022.01.28-10.40.05:902][  0]LogTextureFormatOodle: Display: Oodle Texture 2.9.0 init RDO Off
[2022.01.28-10.40.05:928][  0]LogRendererCore: Ray tracing is disabled. Reason: r.RayTracing=0.
[2022.01.28-10.40.05:928][  0]LogShaderCompilers: Guid format shader working directory is -42 characters bigger than the processId version (../../../../../../Users/joesi/OneDrive/Documents/GitHub/UE4-Sample-WindowsEnv/MyProject/Intermediate/Shaders/WorkingDirectory/11504/).
[2022.01.28-10.40.05:928][  0]LogShaderCompilers: Cleaned the shader compiler working directory 'C:/Users/joesi/AppData/Local/Temp/UnrealShaderWorkingDir/0CAC3EDB41D79BCA79D273A59A3DC581/'.
[2022.01.28-10.40.05:928][  0]LogXGEController: Cannot use XGE Controller as Incredibuild is not installed on this machine.
[2022.01.28-10.40.05:928][  0]LogShaderCompilers: Cannot use XGE Shader Compiler as Incredibuild is not installed on this machine.
[2022.01.28-10.40.05:928][  0]LogShaderCompilers: Display: Using Local Shader Compiler.
[2022.01.28-10.40.06:672][  0]LogDerivedDataCache: Display: Max Cache Size: 512 MB
[2022.01.28-10.40.06:730][  0]LogDerivedDataCache: Loaded boot cache 0.06s 103MB C:/Users/joesi/AppData/Local/UnrealEngine/4.27/DerivedDataCache/Boot.ddc.
[2022.01.28-10.40.06:730][  0]LogDerivedDataCache: Display: Loaded Boot cache: C:/Users/joesi/AppData/Local/UnrealEngine/4.27/DerivedDataCache/Boot.ddc
[2022.01.28-10.40.06:731][  0]LogDerivedDataCache: FDerivedDataBackendGraph:  Pak pak cache file ../../../../../../Users/joesi/OneDrive/Documents/GitHub/UE4-Sample-WindowsEnv/MyProject/DerivedDataCache/DDC.ddp not found, will not use a pak cache.
[2022.01.28-10.40.06:731][  0]LogDerivedDataCache: Unable to find inner node Pak for hierarchical cache Hierarchy.
[2022.01.28-10.40.06:731][  0]LogDerivedDataCache: FDerivedDataBackendGraph:  CompressedPak pak cache file ../../../../../../Users/joesi/OneDrive/Documents/GitHub/UE4-Sample-WindowsEnv/MyProject/DerivedDataCache/Compressed.ddp not found, will not use a pak cache.
[2022.01.28-10.40.06:731][  0]LogDerivedDataCache: Unable to find inner node CompressedPak for hierarchical cache Hierarchy.
[2022.01.28-10.40.06:748][  0]LogDerivedDataCache: Display: Pak cache opened for reading ../../../Engine/DerivedDataCache/Compressed.ddp.
[2022.01.28-10.40.06:748][  0]LogDerivedDataCache: FDerivedDataBackendGraph:  EnterprisePak pak cache file ../../../Enterprise/DerivedDataCache/Compressed.ddp not found, will not use a pak cache.
[2022.01.28-10.40.06:748][  0]LogDerivedDataCache: Unable to find inner node EnterprisePak for hierarchical cache Hierarchy.
[2022.01.28-10.40.06:776][  0]LogDerivedDataCache: Speed tests for C:/Users/joesi/AppData/Local/UnrealEngine/Common/DerivedDataCache took 0.03 seconds
[2022.01.28-10.40.06:776][  0]LogDerivedDataCache: Display: Performance to C:/Users/joesi/AppData/Local/UnrealEngine/Common/DerivedDataCache: Latency=0.03ms. RandomReadSpeed=1436.48MBs, RandomWriteSpeed=34.78MBs. Assigned SpeedClass 'Local'
[2022.01.28-10.40.06:778][  0]LogDerivedDataCache: Using Local data cache path C:/Users/joesi/AppData/Local/UnrealEngine/Common/DerivedDataCache: Writable
[2022.01.28-10.40.06:778][  0]LogDerivedDataCache: Shared data cache path not found in *engine.ini, will not use an Shared cache.
[2022.01.28-10.40.06:778][  0]LogDerivedDataCache: Unable to find inner node Shared for hierarchical cache Hierarchy.
[2022.01.28-10.40.06:827][  0]LogSlate: Using FreeType 2.10.0
[2022.01.28-10.40.06:827][  0]LogSlate: SlateFontServices - WITH_FREETYPE: 1, WITH_HARFBUZZ: 1
[2022.01.28-10.40.06:848][  0]LogAssetRegistry: FAssetRegistry took 0.0031 seconds to start up
[2022.01.28-10.40.07:162][  0]LogInit: Selected Device Profile: [Windows]
[2022.01.28-10.40.07:163][  0]LogInit: Active device profile: [00000255C082F300][00000255C033CDC0 49] Windows
[2022.01.28-10.40.07:163][  0]LogInit: Profiles: [00000255C082F300][00000255C033CDC0 49] Windows, [00000255C07F4F00][00000255BD82F080 49] WindowsNoEditor, [00000255C082CF00][00000255BA2CB340 49] WindowsServer, [00000255C07F6C00][00000255BA2CF600 49] WindowsClient, [00000255C082EB00][00000255B58C58C0 49] IOS, [00000255C07F5700][00000255B58C9B80 49] iPadAir, [00000255C082D600][00000255B58CC2C0 49] iPadAir2, [00000255C07ABC00][00000255B58E0800 49] IPadPro, [00000255C07ABD00][00000255B58D0840 49] iPadAir3, [00000255C082E600][00000255B58D8B00 49] iPadAir4, [00000255C07A9400][00000255BD82AD80 49] iPadMini2, [00000255C082DA00][00000255B58DD040 49] iPadMini3, [00000255C07AA600][00000255B58E5300 49] iPadMini4, [00000255C082C900][00000255B58E95C0 49] iPadMini5, [00000255C07E7500][00000255BDA95B00 49] iPhone6, [00000255C07E7600][00000255B58EDB40 49] iPodTouch6, [00000255C07A8300][00000255BDA9C500 49] iPhone7, [00000255C07A8200][00000255B58F4540 49] iPodTouch7, [00000255C07E5300][00000255BDA90800 49] iPhone5S, [00000255C07ABF00][00000255B58F0AC0 49] iPhone6Plus, [00000255C07E6700][00000255B58D4D40 49] iPhone6S, [00000255C07A9000][00000255BDA98FC0 49] iPhone6SPlus, [00000255C07E5A00][00000255BDAA5280 49] iPhone7Plus, [00000255C07AA000][00000255BDAA9540 49] iPhoneSE, [00000255C07E7900][00000255BDAAD800 49] iPhone8, [00000255C07AB100][00000255BDAB1AC0 49] iPhone8Plus, [00000255C07E4D00][00000255BDAB4200 49] iPhoneX, [00000255C07A9800][00000255BDAB84C0 49] iPhoneXS, [00000255C07E5600][00000255BDABC780 49] iPhoneXSMax, [00000255C07AA400][00000255BDAC0A40 49] iPhoneXR, [00000255C07E6500][00000255BDAC4D00 49] iPhone11, [00000255C07AAD00][00000255BDAA0F80 49] iPhone11Pro, [00000255C07E5900][00000255BDAC9200 49] iPhone11ProMax, [00000255C07ABA00][00000255BDAD14C0 49] iPhoneSE2, [00000255C07E6900][00000255BDAD5780 49] iPhone12Mini, [00000255C07A9B00][00000255C0351A40 49] iPhone12, [00000255C07E7800][00000255C0354180 49] iPhone12Pro, [00000255C07AA200][00000255C0358440 49] iPhone12ProMax, [00000255C07E7700][00000255C035C700 49] iPadPro105, [00000255C07AA800][00000255C03609C0 49] iPadPro129, [00000255C07E5200][00000255C0364C80 49] iPadPro97, [00000255C07AAE00][00000255C0368F40 49] iPadPro2_129, [00000255C07E4F00][00000255BDACD1C0 49] iPad5, [00000255C07AB000][00000255C036D440 49] iPad6, [00000255C07E4300][00000255C0375700 49] iPad7, [00000255C07AB600][00000255C03799C0 49] iPad8, [00000255C07E7F00][00000255C037C100 49] iPadPro11, [00000255C07A8400][00000255C03803C0 49] iPadPro2_11, [00000255C07E4500][00000255C0384680 49] iPadPro3_129, [00000255C07AA700][00000255C0388940 49] iPadPro4_129, [00000255C07E7D00][00000255C038CC00 49] AppleTV, [00000255C07A8800][00000255C0390EC0 49] AppleTV4K, [00000255C07E6F00][00000255C0395180 49] TVOS, [00000255C07A9F00][00000255C0371400 49] Mac, [00000255C07E4A00][00000255C0399680 49] MacClient, [00000255C07AAC00][00000255C03A1940 49] MacNoEditor, [00000255C07E6D00][00000255C03A5C00 49] MacServer, [00000255C07A9300][00000255C03A8340 49] Linux, [00000255C0875300][00000255C03AC600 49] LinuxAArch64, [00000255C07F7100][00000255C03B08C0 49] LinuxNoEditor, [00000255C0876400][00000255C03B4B80 49] LinuxAArch64NoEditor, [00000255C07F6000][00000255C03B8E40 49] LinuxClient, [00000255C0874F00][00000255C03BD100 49] LinuxAArch64Client, [00000255C07F4500][00000255BEEBB3C0 49] LinuxServer, [00000255C0875F00][00000255C039D640 49] LinuxAArch64Server, [00000255C07F7600][00000255BEEBF8C0 49] Android, [00000255C0875200][00000255BEEC7B80 49] Android_Low, [00000255C07F6100][00000255BEECA2C0 49] Android_Mid, [00000255C0876100][00000255BEECE580 49] Android_High, [00000255C07F4600][00000255BEED2840 49] Android_Default, [00000255C0875D00][00000255BEED6B00 49] Android_Adreno4xx, [00000255C07F4E00][00000255BEEDADC0 49] Android_Adreno5xx_Low, [00000255C0876000][00000255BEEDF080 49] Android_Adreno5xx, [00000255C07F6E00][00000255BEEE3340 49] Android_Adreno6xx, [00000255C07AB400][00000255BEEE7600 49] Android_Adreno6xx_Vulkan, [00000255C07E4200][00000255BEEC3880 49] Android_Mali_T6xx, [00000255C07A8D00][00000255BEEEBB00 49] Android_Mali_T7xx, [00000255C07E4E00][00000255BEEF2240 49] Android_Mali_T8xx, [00000255C07AA900][00000255BEEF6500 49] Android_Mali_G71, [00000255C07E4100][00000255BEEFA7C0 49] Android_Mali_G72, [00000255C07AB900][00000255BEEFEA80 49] Android_Mali_G72_Vulkan, [00000255C07E6300][00000255BEF02D40 49] Android_Mali_G76, [00000255C07AA500][00000255BEF07000 49] Android_Mali_G76_Vulkan, [00000255C07E5500][00000255BEF0B2C0 49] Android_Mali_G77, [00000255C07A9900][00000255BEF0F580 49] Android_Mali_G77_Vulkan, [00000255C07E4700][00000255BEF13840 49] Android_Mali_G78, [00000255C07AAF00][00000255BEEEFAC0 49] Android_Mali_G78_Vulkan, [00000255C07E7400][00000255BEF161C0 49] Android_Mali_G710, [00000255C07AB200][00000255BEF1E480 49] Android_Mali_G710_Vulkan, [00000255C07E5800][00000255BEF22740 49] Android_Vulkan_SM5, [00000255C07A9E00][00000255BEF26A00 49] Android_PowerVR_G6xxx, [00000255C0874A00][00000255BEF2ACC0 49] Android_PowerVR_GT7xxx, [00000255C07A9C00][00000255BEBFEF80 49] Android_PowerVR_GE8xxx, [00000255C0874C00][00000255BEC03240 49] Android_PowerVR_GM9xxx, [00000255C07AAB00][00000255BEC07500 49] Android_PowerVR_GM9xxx_Vulkan, [00000255C0875800][00000255BEC0B7C0 49] Android_TegraK1, [00000255C07A9700][00000255BEC0FA80 49] Android_Unknown_Vulkan, [00000255C0874900][00000255BEF1A180 49] Lumin, [00000255C07A8500][00000255BEC12400 49] Lumin_Desktop, [00000255C0875400][00000255BEC1A6C0 49] HoloLens, 
[2022.01.28-10.40.07:290][  0]LogMeshReduction: Using QuadricMeshReduction for automatic static mesh reduction
[2022.01.28-10.40.07:290][  0]LogMeshReduction: Using SimplygonMeshReduction for automatic skeletal mesh reduction
[2022.01.28-10.40.07:290][  0]LogMeshReduction: Using ProxyLODMeshReduction for automatic mesh merging
[2022.01.28-10.40.07:290][  0]LogMeshReduction: No distributed automatic mesh merging module available
[2022.01.28-10.40.07:290][  0]LogMeshMerging: No distributed automatic mesh merging module available
[2022.01.28-10.40.07:305][  0]LogNetVersion: MyProject 1.0.0, NetCL: 17155196, EngineNetVer: 17, GameNetVer: 0 (Checksum: 3629800737)
[2022.01.28-10.40.07:674][  0]LogTexture: Default maximum texture size for cubemaps generated from long-lat sources has been changed from 512 to unlimited. In order to preserve old behaiour for '/Engine/MapTemplates/Sky/DaylightAmbientCubemap.DaylightAmbientCubemap', its maximum texture size has been explicitly set to 512.
[2022.01.28-10.40.07:735][  0]LogHMD: PokeAHoleMaterial loaded successfully
[2022.01.28-10.40.07:741][  0]LogUObjectArray: 17178 objects as part of root set at end of initial load.
[2022.01.28-10.40.07:741][  0]LogUObjectAllocator: 4302048 out of 0 bytes used by permanent object pool.
[2022.01.28-10.40.07:742][  0]LogUObjectArray: CloseDisregardForGC: 0/0 objects in disregard for GC pool
[2022.01.28-10.40.07:979][  0]LogNiagaraDebuggerClient: Niagara Debugger Client Initialized | Session: A2CE19AD48074ACE8C527E843EDC3A18 | Instance: 3FA704DF44DE0F659F59F2882C30FA11 (DESKTOP-60B67IP-11504).
[2022.01.28-10.40.08:087][  0]LogTcpMessaging: Initializing TcpMessaging bridge
[2022.01.28-10.40.08:093][  0]LogUdpMessaging: Initializing bridge on interface 0.0.0.0:0 to multicast group 230.0.0.1:6666.
[2022.01.28-10.40.08:116][  0]LogPython: Using Python 3.7.7
[2022.01.28-10.40.08:680][  0]LogOutputDevice: Warning: 

Script Stack (0 frames):

[2022.01.28-10.40.08:680][  0]LogWindows: Windows GetLastError: The operation completed successfully. (0)
[2022.01.28-10.40.10:016][  0]LogWindows: Error: === Critical error: ===
[2022.01.28-10.40.10:016][  0]LogWindows: Error: 
[2022.01.28-10.40.10:016][  0]LogWindows: Error: Fatal error: [File:D:/Build/++UE4/Sync/Engine/Source/Runtime/CoreUObject/Private/UObject/Obj.cpp] [Line: 114] 
[2022.01.28-10.40.10:016][  0]LogWindows: Error: Using incorrect object initializer.
[2022.01.28-10.40.10:016][  0]LogWindows: Error: 
[2022.01.28-10.40.10:016][  0]LogWindows: Error: 
[2022.01.28-10.40.10:016][  0]LogWindows: Error: [Callstack] 0x00007ff9d9a44f99 KERNELBASE.dll!UnknownFunction []
[2022.01.28-10.40.10:016][  0]LogWindows: Error: [Callstack] 0x00007ff98a6a0216 UE4Editor-Core.dll!UnknownFunction []
[2022.01.28-10.40.10:016][  0]LogWindows: Error: [Callstack] 0x00007ff98a6a4218 UE4Editor-Core.dll!UnknownFunction []
[2022.01.28-10.40.10:016][  0]LogWindows: Error: [Callstack] 0x00007ff98a3c242d UE4Editor-Core.dll!UnknownFunction []
[2022.01.28-10.40.10:016][  0]LogWindows: Error: [Callstack] 0x00007ff9bbe801de UE4Editor-CoreUObject.dll!UnknownFunction []
[2022.01.28-10.40.10:016][  0]LogWindows: Error: [Callstack] 0x00007ff953fb1d8c UE4Editor-MyProject-0002.dll!AMyActor::AMyActor() [C:\Users\joesi\OneDrive\Documents\GitHub\UE4-Sample-WindowsEnv\MyProject\Source\MyProject\MyActor.cpp:13]
[2022.01.28-10.40.10:016][  0]LogWindows: Error: [Callstack] 0x00007ff9bbcc61d3 UE4Editor-CoreUObject.dll!UnknownFunction []
[2022.01.28-10.40.10:016][  0]LogWindows: Error: [Callstack] 0x00007ff9bbfe8faf UE4Editor-CoreUObject.dll!UnknownFunction []
[2022.01.28-10.40.10:016][  0]LogWindows: Error: [Callstack] 0x00007ff9bbfc5411 UE4Editor-CoreUObject.dll!UnknownFunction []
[2022.01.28-10.40.10:016][  0]LogWindows: Error: [Callstack] 0x00007ff9bbe8ddc5 UE4Editor-CoreUObject.dll!UnknownFunction []
[2022.01.28-10.40.10:016][  0]LogWindows: Error: [Callstack] 0x00007ff98a401bea UE4Editor-Core.dll!UnknownFunction []
[2022.01.28-10.40.10:016][  0]LogWindows: Error: [Callstack] 0x00007ff98a4215a3 UE4Editor-Core.dll!UnknownFunction []
[2022.01.28-10.40.10:016][  0]LogWindows: Error: [Callstack] 0x00007ff9c5b26433 UE4Editor-Projects.dll!UnknownFunction []
[2022.01.28-10.40.10:016][  0]LogWindows: Error: [Callstack] 0x00007ff9c5b2674f UE4Editor-Projects.dll!UnknownFunction []
[2022.01.28-10.40.10:016][  0]LogWindows: Error: [Callstack] 0x00007ff7ae835642 UE4Editor.exe!UnknownFunction []
[2022.01.28-10.40.10:016][  0]LogWindows: Error: [Callstack] 0x00007ff7ae839000 UE4Editor.exe!UnknownFunction []
[2022.01.28-10.40.10:016][  0]LogWindows: Error: [Callstack] 0x00007ff7ae830d2c UE4Editor.exe!UnknownFunction []
[2022.01.28-10.40.10:016][  0]LogWindows: Error: [Callstack] 0x00007ff7ae8310ba UE4Editor.exe!UnknownFunction []
[2022.01.28-10.40.10:016][  0]LogWindows: Error: [Callstack] 0x00007ff7ae8340dd UE4Editor.exe!UnknownFunction []
[2022.01.28-10.40.10:016][  0]LogWindows: Error: [Callstack] 0x00007ff7ae845984 UE4Editor.exe!UnknownFunction []
[2022.01.28-10.40.10:016][  0]LogWindows: Error: [Callstack] 0x00007ff7ae84853a UE4Editor.exe!UnknownFunction []
[2022.01.28-10.40.10:016][  0]LogWindows: Error: [Callstack] 0x00007ff9dc207034 KERNEL32.DLL!UnknownFunction []
[2022.01.28-10.40.10:016][  0]LogWindows: Error: [Callstack] 0x00007ff9dc342651 ntdll.dll!UnknownFunction []
[2022.01.28-10.40.10:016][  0]LogWindows: Error: 
[2022.01.28-10.40.10:069][  0]LogExit: Executing StaticShutdownAfterError
[2022.01.28-10.40.10:070][  0]LogWindows: FPlatformMisc::RequestExit(1)
[2022.01.28-10.40.10:071][  0]LogWindows: FPlatformMisc::RequestExitWithStatus(1, 3)
[2022.01.28-10.40.10:071][  0]LogCore: Engine exit requested (reason: Win RequestExit)
[2022.01.28-10.40.10:132][  0]Log file closed, 01/28/22 10:40:10
